[2017-12-14 09:39:41,887 INFO  main] Starting EntranceImpApplication on DESKTOP-C4M9DI8 with PID 235108 (D:\work\ideaspace\entrance\entrance-imp\target\classes started by hasee in D:\work\ideaspace\entrance)
[2017-12-14 09:39:41,896 INFO  main] No active profile set, falling back to default profiles: default
[2017-12-14 09:39:42,055 INFO  main] Refreshing org.springframework.boot.context.embedded.AnnotationConfigEmbeddedWebApplicationContext@5d740a0f: startup date [Thu Dec 14 09:39:42 CST 2017]; root of context hierarchy
[2017-12-14 09:39:42,321 INFO  background-preinit] HV000001: Hibernate Validator 5.3.6.Final
[2017-12-14 09:39:44,076 INFO  main] Tomcat initialized with port(s): 8001 (http)
[2017-12-14 09:39:44,089 INFO  main] Starting service [Tomcat]
[2017-12-14 09:39:44,090 INFO  main] Starting Servlet Engine: Apache Tomcat/8.5.23
[2017-12-14 09:39:44,208 INFO  localhost-startStop-1] Initializing Spring embedded WebApplicationContext
[2017-12-14 09:39:44,208 INFO  localhost-startStop-1] Root WebApplicationContext: initialization completed in 2153 ms
[2017-12-14 09:39:44,477 INFO  localhost-startStop-1] Mapping servlet: 'dispatcherServlet' to [/]
[2017-12-14 09:39:44,479 INFO  localhost-startStop-1] Mapping servlet: 'com.wusc.entranceimp.servlet.ImpServlert' to [/i]
[2017-12-14 09:39:44,484 INFO  localhost-startStop-1] Mapping filter: 'characterEncodingFilter' to: [/*]
[2017-12-14 09:39:44,485 INFO  localhost-startStop-1] Mapping filter: 'hiddenHttpMethodFilter' to: [/*]
[2017-12-14 09:39:44,485 INFO  localhost-startStop-1] Mapping filter: 'httpPutFormContentFilter' to: [/*]
[2017-12-14 09:39:44,485 INFO  localhost-startStop-1] Mapping filter: 'requestContextFilter' to: [/*]
[2017-12-14 09:39:44,914 INFO  main] Looking for @ControllerAdvice: org.springframework.boot.context.embedded.AnnotationConfigEmbeddedWebApplicationContext@5d740a0f: startup date [Thu Dec 14 09:39:42 CST 2017]; root of context hierarchy
[2017-12-14 09:39:44,998 INFO  main] Mapped "{[/error]}" onto public org.springframework.http.ResponseEntity<java.util.Map<java.lang.String, java.lang.Object>> org.springframework.boot.autoconfigure.web.BasicErrorController.error(javax.servlet.http.HttpServletRequest)
[2017-12-14 09:39:45,000 INFO  main] Mapped "{[/error],produces=[text/html]}" onto public org.springframework.web.servlet.ModelAndView org.springframework.boot.autoconfigure.web.BasicErrorController.errorHtml(javax.servlet.http.HttpServletRequest,javax.servlet.http.HttpServletResponse)
[2017-12-14 09:39:45,034 INFO  main] Mapped URL path [/webjars/**] onto handler of type [class org.springframework.web.servlet.resource.ResourceHttpRequestHandler]
[2017-12-14 09:39:45,034 INFO  main] Mapped URL path [/**] onto handler of type [class org.springframework.web.servlet.resource.ResourceHttpRequestHandler]
[2017-12-14 09:39:45,073 INFO  main] Mapped URL path [/**/favicon.ico] onto handler of type [class org.springframework.web.servlet.resource.ResourceHttpRequestHandler]
[2017-12-14 09:39:45,257 INFO  main] Registering beans for JMX exposure on startup
[2017-12-14 09:39:45,287 INFO  main] Initializing ProtocolHandler ["http-nio-8001"]
[2017-12-14 09:39:45,298 INFO  main] Starting ProtocolHandler ["http-nio-8001"]
[2017-12-14 09:39:45,317 INFO  main] Using a shared selector for servlet write/read
[2017-12-14 09:39:45,340 INFO  main] Tomcat started on port(s): 8001 (http)
[2017-12-14 09:39:45,346 INFO  main] Started EntranceImpApplication in 3.861 seconds (JVM running for 8.249)
[2017-12-14 10:38:51,065 INFO  main] Starting EntranceImpApplication on DESKTOP-C4M9DI8 with PID 237396 (D:\work\ideaspace\entrance\entrance-imp\target\classes started by hasee in D:\work\ideaspace\entrance)
[2017-12-14 10:38:51,069 INFO  main] No active profile set, falling back to default profiles: default
[2017-12-14 10:38:51,147 INFO  main] Refreshing org.springframework.boot.context.embedded.AnnotationConfigEmbeddedWebApplicationContext@2b546384: startup date [Thu Dec 14 10:38:51 CST 2017]; root of context hierarchy
[2017-12-14 10:38:51,316 INFO  background-preinit] HV000001: Hibernate Validator 5.3.6.Final
[2017-12-14 10:38:52,546 INFO  main] Tomcat initialized with port(s): 8001 (http)
[2017-12-14 10:38:52,558 INFO  main] Starting service [Tomcat]
[2017-12-14 10:38:52,559 INFO  main] Starting Servlet Engine: Apache Tomcat/8.5.23
[2017-12-14 10:38:52,671 INFO  localhost-startStop-1] Initializing Spring embedded WebApplicationContext
[2017-12-14 10:38:52,672 INFO  localhost-startStop-1] Root WebApplicationContext: initialization completed in 1525 ms
[2017-12-14 10:38:52,895 INFO  localhost-startStop-1] Mapping servlet: 'dispatcherServlet' to [/]
[2017-12-14 10:38:52,897 INFO  localhost-startStop-1] Mapping servlet: 'com.wusc.entranceimp.servlet.ImpServlert' to [/i]
[2017-12-14 10:38:52,901 INFO  localhost-startStop-1] Mapping filter: 'characterEncodingFilter' to: [/*]
[2017-12-14 10:38:52,902 INFO  localhost-startStop-1] Mapping filter: 'hiddenHttpMethodFilter' to: [/*]
[2017-12-14 10:38:52,902 INFO  localhost-startStop-1] Mapping filter: 'httpPutFormContentFilter' to: [/*]
[2017-12-14 10:38:52,902 INFO  localhost-startStop-1] Mapping filter: 'requestContextFilter' to: [/*]
[2017-12-14 10:38:53,291 INFO  main] Looking for @ControllerAdvice: org.springframework.boot.context.embedded.AnnotationConfigEmbeddedWebApplicationContext@2b546384: startup date [Thu Dec 14 10:38:51 CST 2017]; root of context hierarchy
[2017-12-14 10:38:53,362 INFO  main] Mapped "{[/error]}" onto public org.springframework.http.ResponseEntity<java.util.Map<java.lang.String, java.lang.Object>> org.springframework.boot.autoconfigure.web.BasicErrorController.error(javax.servlet.http.HttpServletRequest)
[2017-12-14 10:38:53,364 INFO  main] Mapped "{[/error],produces=[text/html]}" onto public org.springframework.web.servlet.ModelAndView org.springframework.boot.autoconfigure.web.BasicErrorController.errorHtml(javax.servlet.http.HttpServletRequest,javax.servlet.http.HttpServletResponse)
[2017-12-14 10:38:53,400 INFO  main] Mapped URL path [/webjars/**] onto handler of type [class org.springframework.web.servlet.resource.ResourceHttpRequestHandler]
[2017-12-14 10:38:53,401 INFO  main] Mapped URL path [/**] onto handler of type [class org.springframework.web.servlet.resource.ResourceHttpRequestHandler]
[2017-12-14 10:38:53,448 INFO  main] Mapped URL path [/**/favicon.ico] onto handler of type [class org.springframework.web.servlet.resource.ResourceHttpRequestHandler]
[2017-12-14 10:38:53,627 INFO  main] Registering beans for JMX exposure on startup
[2017-12-14 10:38:53,647 INFO  main] Initializing ProtocolHandler ["http-nio-8001"]
[2017-12-14 10:38:53,658 INFO  main] Starting ProtocolHandler ["http-nio-8001"]
[2017-12-14 10:38:53,677 INFO  main] Using a shared selector for servlet write/read
[2017-12-14 10:38:53,703 INFO  main] Tomcat started on port(s): 8001 (http)
[2017-12-14 10:38:53,709 INFO  main] Started EntranceImpApplication in 3.067 seconds (JVM running for 5.063)
[2017-12-14 11:29:22,880 INFO  main] Starting EntranceImpApplication on DESKTOP-C4M9DI8 with PID 234436 (D:\work\ideaspace\entrance\entrance-imp\target\classes started by hasee in D:\work\ideaspace\entrance)
[2017-12-14 11:29:22,917 INFO  main] No active profile set, falling back to default profiles: default
[2017-12-14 11:29:23,008 INFO  main] Refreshing org.springframework.boot.context.embedded.AnnotationConfigEmbeddedWebApplicationContext@214b199c: startup date [Thu Dec 14 11:29:23 CST 2017]; root of context hierarchy
[2017-12-14 11:29:23,183 INFO  background-preinit] HV000001: Hibernate Validator 5.3.6.Final
[2017-12-14 11:29:24,662 INFO  main] Tomcat initialized with port(s): 8001 (http)
[2017-12-14 11:29:24,677 INFO  main] Starting service [Tomcat]
[2017-12-14 11:29:24,678 INFO  main] Starting Servlet Engine: Apache Tomcat/8.5.23
[2017-12-14 11:29:24,791 INFO  localhost-startStop-1] Initializing Spring embedded WebApplicationContext
[2017-12-14 11:29:24,791 INFO  localhost-startStop-1] Root WebApplicationContext: initialization completed in 1784 ms
[2017-12-14 11:29:25,012 INFO  localhost-startStop-1] Mapping servlet: 'dispatcherServlet' to [/]
[2017-12-14 11:29:25,014 INFO  localhost-startStop-1] Mapping servlet: 'com.wusc.entranceimp.servlet.ImpServlert' to [/i]
[2017-12-14 11:29:25,019 INFO  localhost-startStop-1] Mapping filter: 'characterEncodingFilter' to: [/*]
[2017-12-14 11:29:25,020 INFO  localhost-startStop-1] Mapping filter: 'hiddenHttpMethodFilter' to: [/*]
[2017-12-14 11:29:25,021 INFO  localhost-startStop-1] Mapping filter: 'httpPutFormContentFilter' to: [/*]
[2017-12-14 11:29:25,021 INFO  localhost-startStop-1] Mapping filter: 'requestContextFilter' to: [/*]
[2017-12-14 11:29:25,436 INFO  main] Looking for @ControllerAdvice: org.springframework.boot.context.embedded.AnnotationConfigEmbeddedWebApplicationContext@214b199c: startup date [Thu Dec 14 11:29:23 CST 2017]; root of context hierarchy
[2017-12-14 11:29:25,503 INFO  main] Mapped "{[/error]}" onto public org.springframework.http.ResponseEntity<java.util.Map<java.lang.String, java.lang.Object>> org.springframework.boot.autoconfigure.web.BasicErrorController.error(javax.servlet.http.HttpServletRequest)
[2017-12-14 11:29:25,504 INFO  main] Mapped "{[/error],produces=[text/html]}" onto public org.springframework.web.servlet.ModelAndView org.springframework.boot.autoconfigure.web.BasicErrorController.errorHtml(javax.servlet.http.HttpServletRequest,javax.servlet.http.HttpServletResponse)
[2017-12-14 11:29:25,539 INFO  main] Mapped URL path [/webjars/**] onto handler of type [class org.springframework.web.servlet.resource.ResourceHttpRequestHandler]
[2017-12-14 11:29:25,540 INFO  main] Mapped URL path [/**] onto handler of type [class org.springframework.web.servlet.resource.ResourceHttpRequestHandler]
[2017-12-14 11:29:25,585 INFO  main] Mapped URL path [/**/favicon.ico] onto handler of type [class org.springframework.web.servlet.resource.ResourceHttpRequestHandler]
[2017-12-14 11:29:25,764 INFO  main] Registering beans for JMX exposure on startup
[2017-12-14 11:29:25,783 INFO  main] Initializing ProtocolHandler ["http-nio-8001"]
[2017-12-14 11:29:25,794 INFO  main] Starting ProtocolHandler ["http-nio-8001"]
[2017-12-14 11:29:25,816 INFO  main] Using a shared selector for servlet write/read
[2017-12-14 11:29:25,839 INFO  main] Tomcat started on port(s): 8001 (http)
[2017-12-14 11:29:25,844 INFO  main] Started EntranceImpApplication in 3.313 seconds (JVM running for 4.957)
