[2017-12-12 14:28:12,265 INFO  main] Starting EntranceImpApplication on DESKTOP-C4M9DI8 with PID 2764 (D:\work\ideaspace\entrance-imp\target\classes started by hasee in D:\work\ideaspace\entrance-imp)
[2017-12-12 14:28:12,268 INFO  main] No active profile set, falling back to default profiles: default
[2017-12-12 14:28:12,313 INFO  main] Refreshing org.springframework.boot.context.embedded.AnnotationConfigEmbeddedWebApplicationContext@55a1c291: startup date [Tue Dec 12 14:28:12 CST 2017]; root of context hierarchy
[2017-12-12 14:28:12,388 INFO  background-preinit] HV000001: Hibernate Validator 5.3.6.Final
[2017-12-12 14:28:13,071 INFO  main] Tomcat initialized with port(s): 8080 (http)
[2017-12-12 14:28:13,082 INFO  main] Starting service [Tomcat]
[2017-12-12 14:28:13,083 INFO  main] Starting Servlet Engine: Apache Tomcat/8.5.23
[2017-12-12 14:28:13,154 INFO  localhost-startStop-1] Initializing Spring embedded WebApplicationContext
[2017-12-12 14:28:13,154 INFO  localhost-startStop-1] Root WebApplicationContext: initialization completed in 841 ms
[2017-12-12 14:28:13,267 INFO  localhost-startStop-1] Mapping servlet: 'dispatcherServlet' to [/]
[2017-12-12 14:28:13,268 INFO  localhost-startStop-1] Mapping servlet: 'com.wusc.entrancebase.servlet.BaseServlert' to [/entrance/i]
[2017-12-12 14:28:13,270 INFO  localhost-startStop-1] Mapping filter: 'characterEncodingFilter' to: [/*]
[2017-12-12 14:28:13,271 INFO  localhost-startStop-1] Mapping filter: 'hiddenHttpMethodFilter' to: [/*]
[2017-12-12 14:28:13,271 INFO  localhost-startStop-1] Mapping filter: 'httpPutFormContentFilter' to: [/*]
[2017-12-12 14:28:13,271 INFO  localhost-startStop-1] Mapping filter: 'requestContextFilter' to: [/*]
[2017-12-12 14:28:13,492 INFO  main] Looking for @ControllerAdvice: org.springframework.boot.context.embedded.AnnotationConfigEmbeddedWebApplicationContext@55a1c291: startup date [Tue Dec 12 14:28:12 CST 2017]; root of context hierarchy
[2017-12-12 14:28:13,533 INFO  main] Mapped "{[/error]}" onto public org.springframework.http.ResponseEntity<java.util.Map<java.lang.String, java.lang.Object>> org.springframework.boot.autoconfigure.web.BasicErrorController.error(javax.servlet.http.HttpServletRequest)
[2017-12-12 14:28:13,533 INFO  main] Mapped "{[/error],produces=[text/html]}" onto public org.springframework.web.servlet.ModelAndView org.springframework.boot.autoconfigure.web.BasicErrorController.errorHtml(javax.servlet.http.HttpServletRequest,javax.servlet.http.HttpServletResponse)
[2017-12-12 14:28:13,551 INFO  main] Mapped URL path [/webjars/**] onto handler of type [class org.springframework.web.servlet.resource.ResourceHttpRequestHandler]
[2017-12-12 14:28:13,551 INFO  main] Mapped URL path [/**] onto handler of type [class org.springframework.web.servlet.resource.ResourceHttpRequestHandler]
[2017-12-12 14:28:13,572 INFO  main] Mapped URL path [/**/favicon.ico] onto handler of type [class org.springframework.web.servlet.resource.ResourceHttpRequestHandler]
[2017-12-12 14:28:13,657 INFO  main] Registering beans for JMX exposure on startup
[2017-12-12 14:28:13,669 INFO  main] Initializing ProtocolHandler ["http-nio-8080"]
[2017-12-12 14:28:13,679 INFO  main] Starting ProtocolHandler ["http-nio-8080"]
[2017-12-12 14:28:13,697 INFO  main] Using a shared selector for servlet write/read
[2017-12-12 14:28:13,726 INFO  main] Tomcat started on port(s): 8080 (http)
[2017-12-12 14:28:13,729 INFO  main] Started EntranceImpApplication in 1.692 seconds (JVM running for 2.635)
